-------------------------------------------------------------------------------
Test set: com.example.softwareproject.TimerUtilsTests
-------------------------------------------------------------------------------
Tests run: 1, Failures: 0, Errors: 1, Skipped: 0, Time elapsed: 0.29 s <<< FAILURE! - in com.example.softwareproject.TimerUtilsTests
isTimeConflictTest(com.example.softwareproject.TimerUtilsTests)  Time elapsed: 0 s  <<< ERROR!
java.lang.IllegalStateException: Failed to load ApplicationContext
Caused by: org.springframework.beans.factory.BeanCreationException: Error creating bean with name 'entityManagerFactory' defined in class path resource [org/springframework/boot/autoconfigure/orm/jpa/HibernateJpaConfiguration.class]: Invocation of init method failed; nested exception is java.lang.NoSuchMethodError: org.hibernate.boot.model.process.spi.MetadataBuildingProcess.prepare(Lorg/hibernate/boot/MetadataSources;Lorg/hibernate/boot/spi/MetadataBuildingOptions;)Lorg/hibernate/boot/model/process/spi/ManagedResources;
Caused by: java.lang.NoSuchMethodError: org.hibernate.boot.model.process.spi.MetadataBuildingProcess.prepare(Lorg/hibernate/boot/MetadataSources;Lorg/hibernate/boot/spi/MetadataBuildingOptions;)Lorg/hibernate/boot/model/process/spi/ManagedResources;

